# JRE version: Java(TM) SE Runtime Environment (8.0_211-b12) (build 1.8.0_211-b12)
# Java VM: Java HotSpot(TM) 64-Bit Server VM (25.211-b12 mixed mode windows-amd64 compressed oops)
Heap:
 PSYoungGen      total 511488K, used 184463K [0x000000076b100000, 0x0000000790400000, 0x00000007c0000000)
  eden space 433152K, 26% used [0x000000076b100000,0x0000000772206398,0x0000000785800000)
  from space 78336K, 87% used [0x000000078ad00000,0x000000078f01da10,0x000000078f980000)
  to   space 87040K, 0% used [0x0000000785800000,0x0000000785800000,0x000000078ad00000)
 ParOldGen       total 216576K, used 99391K [0x00000006c1200000, 0x00000006ce580000, 0x000000076b100000)
  object space 216576K, 45% used [0x00000006c1200000,0x00000006c730fe30,0x00000006ce580000)
 Metaspace       used 17748K, capacity 18033K, committed 18304K, reserved 1064960K
  class space    used 1966K, capacity 2076K, committed 2176K, reserved 1048576K
GC Heap History (10 events):
Event: 3.315 GC heap before
{Heap before GC invocations=5 (full 0):
 PSYoungGen      total 141824K, used 141792K [0x000000076b100000, 0x0000000774600000, 0x00000007c0000000)
  eden space 131072K, 100% used [0x000000076b100000,0x0000000773100000,0x0000000773100000)
  from space 10752K, 99% used [0x0000000773b80000,0x00000007745f82d8,0x0000000774600000)
  to   space 10752K, 0% used [0x0000000773100000,0x0000000773100000,0x0000000773b80000)
 ParOldGen       total 175104K, used 62252K [0x00000006c1200000, 0x00000006cbd00000, 0x000000076b100000)
  object space 175104K, 35% used [0x00000006c1200000,0x00000006c4ecb368,0x00000006cbd00000)
 Metaspace       used 16691K, capacity 17021K, committed 17152K, reserved 1064960K
  class space    used 1897K, capacity 2014K, committed 2048K, reserved 1048576K
Event: 3.345 GC heap after
Heap after GC invocations=5 (full 0):
 PSYoungGen      total 141824K, used 10734K [0x000000076b100000, 0x0000000781a00000, 0x00000007c0000000)
  eden space 131072K, 0% used [0x000000076b100000,0x000000076b100000,0x0000000773100000)
  from space 10752K, 99% used [0x0000000773100000,0x0000000773b7ba28,0x0000000773b80000)
  to   space 53760K, 0% used [0x000000077e580000,0x000000077e580000,0x0000000781a00000)
 ParOldGen       total 175104K, used 107520K [0x00000006c1200000, 0x00000006cbd00000, 0x000000076b100000)
  object space 175104K, 61% used [0x00000006c1200000,0x00000006c7b00088,0x00000006cbd00000)
 Metaspace       used 16691K, capacity 17021K, committed 17152K, reserved 1064960K
  class space    used 1897K, capacity 2014K, committed 2048K, reserved 1048576K
}
Event: 3.732 GC heap before
{Heap before GC invocations=6 (full 0):
 PSYoungGen      total 141824K, used 141806K [0x000000076b100000, 0x0000000781a00000, 0x00000007c0000000)
  eden space 131072K, 100% used [0x000000076b100000,0x0000000773100000,0x0000000773100000)
  from space 10752K, 99% used [0x0000000773100000,0x0000000773b7ba28,0x0000000773b80000)
  to   space 53760K, 0% used [0x000000077e580000,0x000000077e580000,0x0000000781a00000)
 ParOldGen       total 175104K, used 107520K [0x00000006c1200000, 0x00000006cbd00000, 0x000000076b100000)
  object space 175104K, 61% used [0x00000006c1200000,0x00000006c7b00088,0x00000006cbd00000)
 Metaspace       used 16902K, capacity 17219K, committed 17408K, reserved 1064960K
  class space    used 1912K, capacity 2015K, committed 2048K, reserved 1048576K
Event: 3.770 GC heap after
Heap after GC invocations=6 (full 0):
 PSYoungGen      total 290304K, used 53736K [0x000000076b100000, 0x0000000784c00000, 0x00000007c0000000)
  eden space 236544K, 0% used [0x000000076b100000,0x000000076b100000,0x0000000779800000)
  from space 53760K, 99% used [0x000000077e580000,0x00000007819fa078,0x0000000781a00000)
  to   space 79360K, 0% used [0x0000000779800000,0x0000000779800000,0x000000077e580000)
 ParOldGen       total 175104K, used 137440K [0x00000006c1200000, 0x00000006cbd00000, 0x000000076b100000)
  object space 175104K, 78% used [0x00000006c1200000,0x00000006c9838088,0x00000006cbd00000)
 Metaspace       used 16902K, capacity 17219K, committed 17408K, reserved 1064960K
  class space    used 1912K, capacity 2015K, committed 2048K, reserved 1048576K
}
Event: 3.770 GC heap before
{Heap before GC invocations=7 (full 1):
 PSYoungGen      total 290304K, used 53736K [0x000000076b100000, 0x0000000784c00000, 0x00000007c0000000)
  eden space 236544K, 0% used [0x000000076b100000,0x000000076b100000,0x0000000779800000)
  from space 53760K, 99% used [0x000000077e580000,0x00000007819fa078,0x0000000781a00000)
  to   space 79360K, 0% used [0x0000000779800000,0x0000000779800000,0x000000077e580000)
 ParOldGen       total 175104K, used 137440K [0x00000006c1200000, 0x00000006cbd00000, 0x000000076b100000)
  object space 175104K, 78% used [0x00000006c1200000,0x00000006c9838088,0x00000006cbd00000)
 Metaspace       used 16902K, capacity 17219K, committed 17408K, reserved 1064960K
  class space    used 1912K, capacity 2015K, committed 2048K, reserved 1048576K
Event: 3.795 GC heap after
Heap after GC invocations=7 (full 1):
 PSYoungGen      total 290304K, used 0K [0x000000076b100000, 0x0000000784c00000, 0x00000007c0000000)
  eden space 236544K, 0% used [0x000000076b100000,0x000000076b100000,0x0000000779800000)
  from space 53760K, 0% used [0x000000077e580000,0x000000077e580000,0x0000000781a00000)
  to   space 79360K, 0% used [0x0000000779800000,0x0000000779800000,0x000000077e580000)
 ParOldGen       total 216576K, used 99375K [0x00000006c1200000, 0x00000006ce580000, 0x000000076b100000)
  object space 216576K, 45% used [0x00000006c1200000,0x00000006c730be30,0x00000006ce580000)
 Metaspace       used 16889K, capacity 17201K, committed 17408K, reserved 1064960K
  class space    used 1911K, capacity 2012K, committed 2048K, reserved 1048576K
}
Event: 4.846 GC heap before
{Heap before GC invocations=8 (full 1):
 PSYoungGen      total 290304K, used 236544K [0x000000076b100000, 0x0000000784c00000, 0x00000007c0000000)
  eden space 236544K, 100% used [0x000000076b100000,0x0000000779800000,0x0000000779800000)
  from space 53760K, 0% used [0x000000077e580000,0x000000077e580000,0x0000000781a00000)
  to   space 79360K, 0% used [0x0000000779800000,0x0000000779800000,0x000000077e580000)
 ParOldGen       total 216576K, used 99375K [0x00000006c1200000, 0x00000006ce580000, 0x000000076b100000)
  object space 216576K, 45% used [0x00000006c1200000,0x00000006c730be30,0x00000006ce580000)
 Metaspace       used 17312K, capacity 17649K, committed 17920K, reserved 1064960K
  class space    used 1933K, capacity 2012K, committed 2048K, reserved 1048576K
Event: 4.851 GC heap after
Heap after GC invocations=8 (full 1):
 PSYoungGen      total 315904K, used 19722K [0x000000076b100000, 0x000000078f980000, 0x00000007c0000000)
  eden space 236544K, 0% used [0x000000076b100000,0x000000076b100000,0x0000000779800000)
  from space 79360K, 24% used [0x0000000779800000,0x000000077ab42b68,0x000000077e580000)
  to   space 78336K, 0% used [0x000000078ad00000,0x000000078ad00000,0x000000078f980000)
 ParOldGen       total 216576K, used 99383K [0x00000006c1200000, 0x00000006ce580000, 0x000000076b100000)
  object space 216576K, 45% used [0x00000006c1200000,0x00000006c730de30,0x00000006ce580000)
 Metaspace       used 17312K, capacity 17649K, committed 17920K, reserved 1064960K
  class space    used 1933K, capacity 2012K, committed 2048K, reserved 1048576K
}
Event: 6.488 GC heap before
{Heap before GC invocations=9 (full 1):
 PSYoungGen      total 315904K, used 256266K [0x000000076b100000, 0x000000078f980000, 0x00000007c0000000)
  eden space 236544K, 100% used [0x000000076b100000,0x0000000779800000,0x0000000779800000)
  from space 79360K, 24% used [0x0000000779800000,0x000000077ab42b68,0x000000077e580000)
  to   space 78336K, 0% used [0x000000078ad00000,0x000000078ad00000,0x000000078f980000)
 ParOldGen       total 216576K, used 99383K [0x00000006c1200000, 0x00000006ce580000, 0x000000076b100000)
  object space 216576K, 45% used [0x00000006c1200000,0x00000006c730de30,0x00000006ce580000)
 Metaspace       used 17609K, capacity 17873K, committed 18176K, reserved 1064960K
  class space    used 1957K, capacity 2044K, committed 2048K, reserved 1048576K
Event: 6.504 GC heap after
Heap after GC invocations=9 (full 1):
 PSYoungGen      total 511488K, used 68726K [0x000000076b100000, 0x0000000790400000, 0x00000007c0000000)
  eden space 433152K, 0% used [0x000000076b100000,0x000000076b100000,0x0000000785800000)
  from space 78336K, 87% used [0x000000078ad00000,0x000000078f01da10,0x000000078f980000)
  to   space 87040K, 0% used [0x0000000785800000,0x0000000785800000,0x000000078ad00000)
 ParOldGen       total 216576K, used 99391K [0x00000006c1200000, 0x00000006ce580000, 0x000000076b100000)
  object space 216576K, 45% used [0x00000006c1200000,0x00000006c730fe30,0x00000006ce580000)
 Metaspace       used 17609K, capacity 17873K, committed 18176K, reserved 1064960K
  class space    used 1957K, capacity 2044K, committed 2048K, reserved 1048576K
}

